<?xml version="1.0" encoding="UTF-8"?>
<!-- Generated by org.testng.reporters.JUnitXMLReporter -->
<testsuite hostname="XCLP-TU1-2374" ignored="0" name="Test" tests="5" failures="1" timestamp="08 Apr 2020 14:43:43 GMT" time="3.189" errors="0">
  <testcase name="testcase1" time="0.014" classname="org.testing.TestScripts.TC1">
    <failure type="java.lang.NullPointerException">
      <![CDATA[java.lang.NullPointerException
	at org.testing.TestScripts.TC1.testcase1(TC1.java:28)
... Removed 25 stack frames]]>
    </failure>
  </testcase> <!-- testcase1 -->
  <testcase name="testcase2" time="2.85" classname="org.testing.TestScripts.TC2"/>
  <testcase name="testcase3" time="0.178" classname="org.testing.TestScripts.TC3"/>
  <testcase name="testcase4" time="0.062" classname="org.testing.TestScripts.TC4"/>
  <testcase name="testcase5" time="0.034" classname="org.testing.TestScripts.TC5"/>
</testsuite> <!-- Test -->
